2015-09-15T00:17:38 Checking update-file '/usr/share/kde4/apps/kconf_update/devicepreference.upd' for new updates
2015-09-15T00:17:38 devicepreference.upd: Found new update 'DevicesMovedToPlatformPlugin'
2015-09-15T00:17:38 devicepreference.upd: Running script 'phonon_devicepreference_update'
2015-09-15T00:17:38 devicepreference.upd: Found new update 'DevicesUIDsChanged'
2015-09-15T00:17:38 devicepreference.upd: Running script 'phonon_deviceuids_update'
2015-09-15T00:17:38 Checking update-file '/usr/share/kde4/apps/kconf_update/kded.upd' for new updates
2015-09-15T00:17:38 kded.upd: Found new update 'kde3.0'
2015-09-15T00:17:38 kded.upd: File 'kdedrc' does not exist or empty, skipping
2015-09-15T00:17:38 Checking update-file '/usr/share/kde4/apps/kconf_update/ksslcertificatemanager.upd' for new updates
2015-09-15T00:17:38 ksslcertificatemanager.upd: Found new update 'kde4.2'
2015-09-15T00:17:38 ksslcertificatemanager.upd: Running script 'ksslcertificatemanager.upd.sh'
2015-09-15T00:17:38 [Script] rm: cannot remove `/home/corbett/.kde//share/config/ksslcertificatemanager': No such file or directory
2015-09-15T00:17:38 ksslcertificatemanager.upd: !! An error occurred while running 'sh /usr/share/kde4/apps/kconf_update/ksslcertificatemanager.upd.sh'
2015-09-15T00:17:38 Checking update-file '/usr/share/kde4/apps/kconf_update/kioslave.upd' for new updates
2015-09-15T00:17:38 kioslave.upd: Found new update 'kde2.2/r1'
2015-09-15T00:17:38 kioslave.upd: File 'kioslaverc' does not exist or empty, skipping
2015-09-15T00:17:38 kioslave.upd: Skipping update 'kde2.2/r1'
2015-09-15T00:17:38 kioslave.upd: File 'kioslaverc' does not exist or empty, skipping
2015-09-15T00:17:38 kioslave.upd: Found new update 'kde2.2/r2'
2015-09-15T00:17:38 kioslave.upd: File 'kioslaverc' does not exist or empty, skipping
2015-09-15T00:17:38 kioslave.upd: Found new update 'kde2.2/r3'
2015-09-15T00:17:38 kioslave.upd: File 'kioslaverc' does not exist or empty, skipping
2015-09-15T00:17:38 Checking update-file '/usr/share/kde4/apps/kconf_update/kio_help.upd' for new updates
2015-09-15T00:17:38 kio_help.upd: Found new update 'kde3_2'
2015-09-15T00:17:38 kio_help.upd: Running script 'move_kio_help_cache.sh'
2015-09-15T00:17:38 [Script] mv: cannot stat `/home/corbett/.kde/share/apps/kio_help/cache': No such file or directory
2015-09-15T00:17:38 [Script] rmdir: failed to remove `/home/corbett/.kde/share/apps/kio_help': No such file or directory
2015-09-15T00:17:38 Checking update-file '/usr/share/kde4/apps/kconf_update/kdeui.upd' for new updates
2015-09-15T00:17:38 kdeui.upd: Found new update 'kde4/migrate_from_kde3_icon_theme'
2015-09-15T00:17:38 kdeui.upd: Running script 'migrate_from_kde3_icon_theme'
2015-09-15T00:17:38 Checking update-file '/usr/share/kde4/apps/kconf_update/nepomukstrigiservice-migrate.upd' for new updates
2015-09-15T00:17:38 nepomukstrigiservice-migrate.upd: Found new update 'nepomukstrigiservice-migrate'
2015-09-15T00:17:38 nepomukstrigiservice-migrate.upd: File 'nepomukserverrc' does not exist or empty, skipping
2015-09-15T00:17:38 Checking update-file '/usr/share/kde4/apps/kconf_update/kate-2.4.upd' for new updates
2015-09-15T00:17:38 kate-2.4.upd: Found new update 'kate2.4'
2015-09-15T00:17:38 kate-2.4.upd: Updating katerc:Filelist:Sort Type to ''
2015-09-15T00:17:38 kate-2.4.upd: Removing katerc:General:Sort Type of File List, moved.
2015-09-15T00:17:38 Checking update-file '/usr/share/kde4/apps/kconf_update/kcookiescfg.upd' for new updates
2015-09-15T00:17:38 kcookiescfg.upd: Found new update 'kde2.2/b1'
2015-09-15T00:17:38 kcookiescfg.upd: File 'kcookiejarrc' does not exist or empty, skipping
2015-09-15T00:17:38 kcookiescfg.upd: Found new update 'kde3.1/cvs'
2015-09-15T00:17:38 kcookiescfg.upd: File 'kcookiejarrc' does not exist or empty, skipping
2015-09-15T00:17:38 Checking update-file '/usr/share/kde4/apps/kconf_update/kuriikwsfilter.upd' for new updates
2015-09-15T00:17:38 kuriikwsfilter.upd: Found new update 'post-kde3.1/cvs'
2015-09-15T00:17:38 kuriikwsfilter.upd: File 'kuriikwsfilterrc' does not exist or empty, skipping
